2022-07-19 07:06:45 replace apricot deb main amd64 libdde-file-manager 5.5.10+r178+g6c4b1ebee-1 5.5.10+r176+g442ae5102-1
2022-07-19 07:06:46 replace apricot deb main amd64 libdfm-extension-dbgsym 5.5.10+r178+g6c4b1ebee-1 5.5.10+r176+g442ae5102-1
2022-07-19 07:06:47 replace apricot deb main amd64 libdfm-extension 5.5.10+r178+g6c4b1ebee-1 5.5.10+r176+g442ae5102-1
2022-07-19 07:06:47 replace apricot deb main amd64 dde-file-manager-dbgsym 5.5.10+r178+g6c4b1ebee-1 5.5.10+r176+g442ae5102-1
2022-07-19 07:06:49 replace apricot deb main amd64 dde-desktop-dbgsym 5.5.10+r178+g6c4b1ebee-1 5.5.10+r176+g442ae5102-1
2022-07-19 07:06:52 replace apricot deb main amd64 dde-file-manager 5.5.10+r178+g6c4b1ebee-1 5.5.10+r176+g442ae5102-1
2022-07-19 07:06:54 replace apricot deb main amd64 dde-desktop 5.5.10+r178+g6c4b1ebee-1 5.5.10+r176+g442ae5102-1
2022-07-19 07:06:56 replace apricot deb main amd64 libdde-file-manager-dbgsym 5.5.10+r178+g6c4b1ebee-1 5.5.10+r176+g442ae5102-1
2022-07-19 07:07:01 replace apricot deb main amd64 dde-disk-mount-plugin-dbgsym 5.5.10+r178+g6c4b1ebee-1 5.5.10+r176+g442ae5102-1
2022-07-19 07:07:02 replace apricot deb main amd64 dde-disk-mount-plugin 5.5.10+r178+g6c4b1ebee-1 5.5.10+r176+g442ae5102-1
2022-07-19 07:07:02 replace apricot deb main amd64 libdfm-extension-dev 5.5.10+r178+g6c4b1ebee-1 5.5.10+r176+g442ae5102-1
2022-07-19 07:07:03 replace apricot deb main amd64 libdde-file-manager-dev 5.5.10+r178+g6c4b1ebee-1 5.5.10+r176+g442ae5102-1
2022-07-19 10:00:32 replace apricot deb main amd64 libdde-file-manager 5.5.10+r179+g66a98ce0f-1 5.5.10+r178+g6c4b1ebee-1
2022-07-19 10:00:32 replace apricot deb main amd64 libdfm-extension 5.5.10+r179+g66a98ce0f-1 5.5.10+r178+g6c4b1ebee-1
2022-07-19 10:00:33 replace apricot deb main amd64 dde-disk-mount-plugin 5.5.10+r179+g66a98ce0f-1 5.5.10+r178+g6c4b1ebee-1
2022-07-19 10:00:33 replace apricot deb main amd64 dde-disk-mount-plugin-dbgsym 5.5.10+r179+g66a98ce0f-1 5.5.10+r178+g6c4b1ebee-1
2022-07-19 10:00:34 replace apricot deb main amd64 dde-file-manager 5.5.10+r179+g66a98ce0f-1 5.5.10+r178+g6c4b1ebee-1
2022-07-19 10:00:36 replace apricot deb main amd64 libdfm-extension-dev 5.5.10+r179+g66a98ce0f-1 5.5.10+r178+g6c4b1ebee-1
2022-07-19 10:00:37 replace apricot deb main amd64 dde-file-manager-dbgsym 5.5.10+r179+g66a98ce0f-1 5.5.10+r178+g6c4b1ebee-1
2022-07-19 10:00:38 replace apricot deb main amd64 dde-desktop-dbgsym 5.5.10+r179+g66a98ce0f-1 5.5.10+r178+g6c4b1ebee-1
2022-07-19 10:00:39 replace apricot deb main amd64 libdde-file-manager-dev 5.5.10+r179+g66a98ce0f-1 5.5.10+r178+g6c4b1ebee-1
2022-07-19 10:00:40 replace apricot deb main amd64 libdfm-extension-dbgsym 5.5.10+r179+g66a98ce0f-1 5.5.10+r178+g6c4b1ebee-1
2022-07-19 10:00:41 replace apricot deb main amd64 libdde-file-manager-dbgsym 5.5.10+r179+g66a98ce0f-1 5.5.10+r178+g6c4b1ebee-1
2022-07-19 10:00:46 replace apricot deb main amd64 dde-desktop 5.5.10+r179+g66a98ce0f-1 5.5.10+r178+g6c4b1ebee-1
2022-07-19 10:15:25 replace apricot deb main amd64 libdfm-extension 5.5.10+r180+g79047f5c9-1 5.5.10+r179+g66a98ce0f-1
2022-07-19 10:15:25 replace apricot deb main amd64 libdfm-extension-dev 5.5.10+r180+g79047f5c9-1 5.5.10+r179+g66a98ce0f-1
2022-07-19 10:15:26 replace apricot deb main amd64 dde-desktop-dbgsym 5.5.10+r180+g79047f5c9-1 5.5.10+r179+g66a98ce0f-1
2022-07-19 10:15:27 replace apricot deb main amd64 dde-disk-mount-plugin-dbgsym 5.5.10+r180+g79047f5c9-1 5.5.10+r179+g66a98ce0f-1
2022-07-19 10:15:28 replace apricot deb main amd64 dde-file-manager-dbgsym 5.5.10+r180+g79047f5c9-1 5.5.10+r179+g66a98ce0f-1
2022-07-19 10:15:29 replace apricot deb main amd64 dde-disk-mount-plugin 5.5.10+r180+g79047f5c9-1 5.5.10+r179+g66a98ce0f-1
2022-07-19 10:15:29 replace apricot deb main amd64 libdfm-extension-dbgsym 5.5.10+r180+g79047f5c9-1 5.5.10+r179+g66a98ce0f-1
2022-07-19 10:15:30 replace apricot deb main amd64 dde-file-manager 5.5.10+r180+g79047f5c9-1 5.5.10+r179+g66a98ce0f-1
2022-07-19 10:15:34 replace apricot deb main amd64 libdde-file-manager-dbgsym 5.5.10+r180+g79047f5c9-1 5.5.10+r179+g66a98ce0f-1
2022-07-19 10:15:38 replace apricot deb main amd64 libdde-file-manager 5.5.10+r180+g79047f5c9-1 5.5.10+r179+g66a98ce0f-1
2022-07-19 10:15:39 replace apricot deb main amd64 libdde-file-manager-dev 5.5.10+r180+g79047f5c9-1 5.5.10+r179+g66a98ce0f-1
2022-07-19 10:15:39 replace apricot deb main amd64 dde-desktop 5.5.10+r180+g79047f5c9-1 5.5.10+r179+g66a98ce0f-1
